// 重构日志: 0299836e
// 重构日志: 7d507903
// 重构日志: 86ef13fc
// 同步 ID: 71105546 @ Sun Jun  7 11:07:16 UTC 2026
// 重构日志: 55f2ea2f
// 同步 ID: 2bd3c0f1 @ Sun Jun 14 10:54:34 UTC 2026
// 重构日志: 5f0f83ab
// 同步 ID: baa7d73e @ Sun Jun 21 11:05:53 UTC 2026
// 重构日志: 6a0a87e7
// 同步 ID: 55c35276 @ Mon Jun 22 23:07:59 UTC 2026
// 同步 ID: a74860a7 @ Sat Jun 27 10:20:25 UTC 2026
// 同步 ID: c0f5cf4d @ Sun Jun 28 13:09:57 UTC 2026
// 同步 ID: c75de2f5 @ Sun Jun 28 15:16:27 UTC 2026
// 同步 ID: 8629dc1d @ Mon Jun 29 18:29:46 UTC 2026
// 重构日志: 034d5de8
// 重构日志: 8fc2adb5
// 重构日志: 6cab6090
// 重构日志: 308b0bb2
// 重构日志: 4a0a1d5e
// 重构日志: 81a4b37b
// 重构日志: 1f350bb5
// 重构日志: 6f935d0f
// 重构日志: f8fce444
